2023-07-12 16:59:00,361 INFO b.m.Bot [ForkJoinPool.commonPool-worker-1] Begun bot initialization
2023-07-12 16:59:00,362 INFO b.m.Bot [ForkJoinPool.commonPool-worker-1] Uptime thread created
2023-07-12 16:59:00,366 INFO b.m.Bot [ForkJoinPool.commonPool-worker-1] Console created
2023-07-12 16:59:00,366 INFO b.m.Bot [ForkJoinPool.commonPool-worker-1] Starting JDA creation
2023-07-12 16:59:00,366 INFO b.m.Console [Thread-4] The console is active
2023-07-12 16:59:00,370 INFO b.m.Bot [ForkJoinPool.commonPool-worker-1] Successfully read bot key.
Starting jda building.
2023-07-12 16:59:43,189 INFO b.m.Responder [ForkJoinPool.commonPool-worker-1] Created Responder
2023-07-12 16:59:43,882 INFO n.d.j.a.JDA [ForkJoinPool.commonPool-worker-1] Login Successful!
2023-07-12 16:59:44,109 INFO n.d.j.i.r.WebSocketClient [JDA MainWS-ReadThread] Connected to WebSocket
2023-07-12 16:59:44,403 INFO n.d.j.a.JDA [JDA MainWS-ReadThread] Finished Loading!
2023-07-12 16:59:44,417 INFO b.m.Bot [ForkJoinPool.commonPool-worker-1] Completed JDA creation
2023-07-12 16:59:44,419 INFO b.m.Bot [ForkJoinPool.commonPool-worker-1] The default interaction responses have been created
2023-07-12 16:59:44,472 ERROR b.d.BaseXMLReader [ForkJoinPool.commonPool-worker-1] Could not find file with the path: guildData/BMT/MemberData.xml
2023-07-12 16:59:44,473 ERROR b.d.BaseXMLReader [ForkJoinPool.commonPool-worker-1] C:\Users\spartak\IdeaProjects\Test\guildData\BMT\MemberData.xml (The system cannot find the path specified)
2023-07-12 16:59:44,473 ERROR b.d.BaseXMLReader [ForkJoinPool.commonPool-worker-1] C:\Users\spartak\IdeaProjects\Test\guildData\BMT\MemberData.xml (The system cannot find the path specified)
2023-07-12 21:54:03,592 WARN n.d.j.i.r.WebSocketClient [JDA Gateway-Worker 1] Missed 2 heartbeats! Trying to reconnect...
2023-07-12 21:54:03,594 WARN n.d.j.i.r.WebSocketClient [JDA Gateway-Worker 1] Missed 2 heartbeats! Trying to reconnect...
2023-07-12 21:54:03,594 WARN n.d.j.i.r.WebSocketClient [JDA Gateway-Worker 1] Missed 2 heartbeats! Trying to reconnect...
2023-07-12 21:54:03,595 WARN n.d.j.i.r.WebSocketClient [JDA Gateway-Worker 1] Missed 2 heartbeats! Trying to reconnect...
2023-07-12 21:54:03,595 WARN n.d.j.i.r.WebSocketClient [JDA Gateway-Worker 1] Missed 2 heartbeats! Trying to reconnect...
2023-07-12 21:54:03,595 WARN n.d.j.i.r.WebSocketClient [JDA Gateway-Worker 1] Missed 2 heartbeats! Trying to reconnect...
2023-07-12 21:54:03,595 WARN n.d.j.i.r.WebSocketClient [JDA Gateway-Worker 1] Missed 2 heartbeats! Trying to reconnect...
2023-07-12 21:54:03,595 WARN n.d.j.i.r.WebSocketClient [JDA Gateway-Worker 1] Missed 2 heartbeats! Trying to reconnect...
2023-07-12 21:54:03,595 WARN n.d.j.i.r.WebSocketClient [JDA Gateway-Worker 1] Missed 2 heartbeats! Trying to reconnect...
2023-07-12 21:54:03,595 WARN n.d.j.i.r.WebSocketClient [JDA Gateway-Worker 1] Missed 2 heartbeats! Trying to reconnect...
2023-07-12 21:54:03,595 WARN n.d.j.i.r.WebSocketClient [JDA Gateway-Worker 1] Missed 2 heartbeats! Trying to reconnect...
2023-07-12 21:54:03,595 WARN n.d.j.i.r.WebSocketClient [JDA Gateway-Worker 1] Missed 2 heartbeats! Trying to reconnect...
2023-07-12 21:54:03,595 WARN n.d.j.i.r.WebSocketClient [JDA Gateway-Worker 1] Missed 2 heartbeats! Trying to reconnect...
2023-07-12 21:54:03,595 WARN n.d.j.i.r.WebSocketClient [JDA Gateway-Worker 1] Missed 2 heartbeats! Trying to reconnect...
2023-07-12 21:54:03,595 WARN n.d.j.i.r.WebSocketClient [JDA Gateway-Worker 1] Missed 2 heartbeats! Trying to reconnect...
2023-07-12 21:54:03,595 WARN n.d.j.i.r.WebSocketClient [JDA Gateway-Worker 1] Missed 2 heartbeats! Trying to reconnect...
2023-07-12 21:54:03,596 WARN n.d.j.i.r.WebSocketClient [JDA Gateway-Worker 1] Missed 2 heartbeats! Trying to reconnect...
2023-07-12 21:54:03,596 WARN n.d.j.i.r.WebSocketClient [JDA Gateway-Worker 1] Missed 2 heartbeats! Trying to reconnect...
2023-07-12 21:54:03,596 WARN n.d.j.i.r.WebSocketClient [JDA Gateway-Worker 1] Missed 2 heartbeats! Trying to reconnect...
2023-07-12 21:54:03,596 WARN n.d.j.i.r.WebSocketClient [JDA Gateway-Worker 1] Missed 2 heartbeats! Trying to reconnect...
2023-07-12 21:54:03,596 WARN n.d.j.i.r.WebSocketClient [JDA Gateway-Worker 1] Missed 2 heartbeats! Trying to reconnect...
2023-07-12 21:54:03,596 WARN n.d.j.i.r.WebSocketClient [JDA Gateway-Worker 1] Missed 2 heartbeats! Trying to reconnect...
2023-07-12 21:54:03,596 WARN n.d.j.i.r.WebSocketClient [JDA Gateway-Worker 1] Missed 2 heartbeats! Trying to reconnect...
2023-07-12 21:54:03,596 WARN n.d.j.i.r.WebSocketClient [JDA Gateway-Worker 1] Missed 2 heartbeats! Trying to reconnect...
2023-07-12 21:54:03,596 WARN n.d.j.i.r.WebSocketClient [JDA Gateway-Worker 1] Missed 2 heartbeats! Trying to reconnect...
2023-07-12 21:54:03,596 WARN n.d.j.i.r.WebSocketClient [JDA Gateway-Worker 1] Missed 2 heartbeats! Trying to reconnect...
2023-07-12 21:54:03,596 WARN n.d.j.i.r.WebSocketClient [JDA Gateway-Worker 1] Missed 2 heartbeats! Trying to reconnect...
2023-07-12 21:54:03,596 WARN n.d.j.i.r.WebSocketClient [JDA Gateway-Worker 1] Missed 2 heartbeats! Trying to reconnect...
2023-07-12 21:54:03,597 WARN n.d.j.i.r.WebSocketClient [JDA Gateway-Worker 1] Missed 2 heartbeats! Trying to reconnect...
2023-07-12 21:54:03,597 WARN n.d.j.i.r.WebSocketClient [JDA Gateway-Worker 1] Missed 2 heartbeats! Trying to reconnect...
2023-07-12 21:54:03,597 WARN n.d.j.i.r.WebSocketClient [JDA Gateway-Worker 1] Missed 2 heartbeats! Trying to reconnect...
2023-07-12 21:54:03,597 WARN n.d.j.i.r.WebSocketClient [JDA Gateway-Worker 1] Missed 2 heartbeats! Trying to reconnect...
2023-07-12 21:54:03,597 WARN n.d.j.i.r.WebSocketClient [JDA Gateway-Worker 1] Missed 2 heartbeats! Trying to reconnect...
2023-07-12 21:54:03,597 WARN n.d.j.i.r.WebSocketClient [JDA Gateway-Worker 1] Missed 2 heartbeats! Trying to reconnect...
2023-07-12 21:54:03,597 WARN n.d.j.i.r.WebSocketClient [JDA Gateway-Worker 1] Missed 2 heartbeats! Trying to reconnect...
2023-07-12 21:54:03,597 WARN n.d.j.i.r.WebSocketClient [JDA Gateway-Worker 1] Missed 2 heartbeats! Trying to reconnect...
2023-07-12 21:54:03,597 WARN n.d.j.i.r.WebSocketClient [JDA Gateway-Worker 1] Missed 2 heartbeats! Trying to reconnect...
2023-07-12 21:54:03,597 WARN n.d.j.i.r.WebSocketClient [JDA Gateway-Worker 1] Missed 2 heartbeats! Trying to reconnect...
2023-07-12 21:54:03,597 WARN n.d.j.i.r.WebSocketClient [JDA Gateway-Worker 1] Missed 2 heartbeats! Trying to reconnect...
2023-07-12 21:54:03,597 WARN n.d.j.i.r.WebSocketClient [JDA Gateway-Worker 1] Missed 2 heartbeats! Trying to reconnect...
2023-07-12 21:54:03,597 WARN n.d.j.i.r.WebSocketClient [JDA Gateway-Worker 1] Missed 2 heartbeats! Trying to reconnect...
2023-07-12 21:54:03,597 WARN n.d.j.i.r.WebSocketClient [JDA Gateway-Worker 1] Missed 2 heartbeats! Trying to reconnect...
2023-07-12 21:54:03,597 WARN n.d.j.i.r.WebSocketClient [JDA Gateway-Worker 1] Missed 2 heartbeats! Trying to reconnect...
2023-07-12 21:54:03,597 WARN n.d.j.i.r.WebSocketClient [JDA Gateway-Worker 1] Missed 2 heartbeats! Trying to reconnect...
2023-07-12 21:54:03,598 WARN n.d.j.i.r.WebSocketClient [JDA Gateway-Worker 1] Missed 2 heartbeats! Trying to reconnect...
2023-07-12 21:54:03,598 WARN n.d.j.i.r.WebSocketClient [JDA Gateway-Worker 1] Missed 2 heartbeats! Trying to reconnect...
2023-07-12 21:54:03,598 WARN n.d.j.i.r.WebSocketClient [JDA Gateway-Worker 1] Missed 2 heartbeats! Trying to reconnect...
2023-07-12 21:54:03,598 WARN n.d.j.i.r.WebSocketClient [JDA Gateway-Worker 1] Missed 2 heartbeats! Trying to reconnect...
2023-07-12 21:54:03,598 WARN n.d.j.i.r.WebSocketClient [JDA Gateway-Worker 1] Missed 2 heartbeats! Trying to reconnect...
2023-07-12 21:54:03,598 WARN n.d.j.i.r.WebSocketClient [JDA Gateway-Worker 1] Missed 2 heartbeats! Trying to reconnect...
2023-07-12 21:54:03,598 WARN n.d.j.i.r.WebSocketClient [JDA Gateway-Worker 1] Missed 2 heartbeats! Trying to reconnect...
2023-07-12 21:54:03,598 WARN n.d.j.i.r.WebSocketClient [JDA Gateway-Worker 1] Missed 2 heartbeats! Trying to reconnect...
2023-07-12 21:54:03,598 WARN n.d.j.i.r.WebSocketClient [JDA Gateway-Worker 1] Missed 2 heartbeats! Trying to reconnect...
2023-07-12 21:54:03,598 WARN n.d.j.i.r.WebSocketClient [JDA Gateway-Worker 1] Missed 2 heartbeats! Trying to reconnect...
2023-07-12 21:54:03,598 WARN n.d.j.i.r.WebSocketClient [JDA Gateway-Worker 1] Missed 2 heartbeats! Trying to reconnect...
2023-07-12 21:54:03,598 WARN n.d.j.i.r.WebSocketClient [JDA Gateway-Worker 1] Missed 2 heartbeats! Trying to reconnect...
2023-07-12 21:54:03,598 WARN n.d.j.i.r.WebSocketClient [JDA Gateway-Worker 1] Missed 2 heartbeats! Trying to reconnect...
2023-07-12 21:54:03,598 WARN n.d.j.i.r.WebSocketClient [JDA Gateway-Worker 1] Missed 2 heartbeats! Trying to reconnect...
2023-07-12 21:54:03,598 WARN n.d.j.i.r.WebSocketClient [JDA Gateway-Worker 1] Missed 2 heartbeats! Trying to reconnect...
2023-07-12 21:54:03,599 WARN n.d.j.i.r.WebSocketClient [JDA Gateway-Worker 1] Missed 2 heartbeats! Trying to reconnect...
2023-07-12 21:54:03,599 WARN n.d.j.i.r.WebSocketClient [JDA Gateway-Worker 1] Hit the WebSocket RateLimit! This can be caused by too many presence or voice status updates (connect/disconnect/mute/deaf). Regular: 0 Voice: 0 Chunking: 0
2023-07-12 21:54:03,600 WARN n.d.j.i.r.WebSocketClient [JDA Gateway-Worker 1] Missed 2 heartbeats! Trying to reconnect...
2023-07-12 21:54:03,600 WARN n.d.j.i.r.WebSocketClient [JDA Gateway-Worker 1] Missed 2 heartbeats! Trying to reconnect...
2023-07-12 21:54:03,600 WARN n.d.j.i.r.WebSocketClient [JDA Gateway-Worker 1] Missed 2 heartbeats! Trying to reconnect...
2023-07-12 21:54:03,600 WARN n.d.j.i.r.WebSocketClient [JDA Gateway-Worker 1] Missed 2 heartbeats! Trying to reconnect...
2023-07-12 21:54:03,600 WARN n.d.j.i.r.WebSocketClient [JDA Gateway-Worker 1] Missed 2 heartbeats! Trying to reconnect...
2023-07-12 21:54:03,600 WARN n.d.j.i.r.WebSocketClient [JDA Gateway-Worker 1] Missed 2 heartbeats! Trying to reconnect...
2023-07-12 21:54:03,600 WARN n.d.j.i.r.WebSocketClient [JDA Gateway-Worker 1] Missed 2 heartbeats! Trying to reconnect...
2023-07-12 21:54:03,600 WARN n.d.j.i.r.WebSocketClient [JDA Gateway-Worker 1] Missed 2 heartbeats! Trying to reconnect...
2023-07-12 21:54:03,600 WARN n.d.j.i.r.WebSocketClient [JDA Gateway-Worker 1] Missed 2 heartbeats! Trying to reconnect...
2023-07-12 21:54:03,600 WARN n.d.j.i.r.WebSocketClient [JDA Gateway-Worker 1] Missed 2 heartbeats! Trying to reconnect...
2023-07-12 21:54:03,600 WARN n.d.j.i.r.WebSocketClient [JDA Gateway-Worker 1] Missed 2 heartbeats! Trying to reconnect...
2023-07-12 21:54:03,600 WARN n.d.j.i.r.WebSocketClient [JDA Gateway-Worker 1] Missed 2 heartbeats! Trying to reconnect...
2023-07-12 21:54:03,600 WARN n.d.j.i.r.WebSocketClient [JDA Gateway-Worker 1] Missed 2 heartbeats! Trying to reconnect...
2023-07-12 21:54:03,600 WARN n.d.j.i.r.WebSocketClient [JDA Gateway-Worker 1] Missed 2 heartbeats! Trying to reconnect...
2023-07-12 21:54:03,600 WARN n.d.j.i.r.WebSocketClient [JDA Gateway-Worker 1] Missed 2 heartbeats! Trying to reconnect...
2023-07-12 21:54:03,600 WARN n.d.j.i.r.WebSocketClient [JDA Gateway-Worker 1] Missed 2 heartbeats! Trying to reconnect...
2023-07-12 21:54:03,600 WARN n.d.j.i.r.WebSocketClient [JDA Gateway-Worker 1] Missed 2 heartbeats! Trying to reconnect...
2023-07-12 21:54:03,600 WARN n.d.j.i.r.WebSocketClient [JDA Gateway-Worker 1] Missed 2 heartbeats! Trying to reconnect...
2023-07-12 21:54:03,601 WARN n.d.j.i.r.WebSocketClient [JDA Gateway-Worker 1] Missed 2 heartbeats! Trying to reconnect...
2023-07-12 21:54:03,601 WARN n.d.j.i.r.WebSocketClient [JDA Gateway-Worker 1] Missed 2 heartbeats! Trying to reconnect...
2023-07-12 21:54:03,601 WARN n.d.j.i.r.WebSocketClient [JDA Gateway-Worker 1] Missed 2 heartbeats! Trying to reconnect...
2023-07-12 21:54:03,601 WARN n.d.j.i.r.WebSocketClient [JDA Gateway-Worker 1] Missed 2 heartbeats! Trying to reconnect...
2023-07-12 21:54:03,601 WARN n.d.j.i.r.WebSocketClient [JDA Gateway-Worker 1] Missed 2 heartbeats! Trying to reconnect...
2023-07-12 21:54:03,601 WARN n.d.j.i.r.WebSocketClient [JDA Gateway-Worker 1] Missed 2 heartbeats! Trying to reconnect...
2023-07-12 21:54:03,601 WARN n.d.j.i.r.WebSocketClient [JDA Gateway-Worker 1] Missed 2 heartbeats! Trying to reconnect...
2023-07-12 21:54:03,601 WARN n.d.j.i.r.WebSocketClient [JDA Gateway-Worker 1] Missed 2 heartbeats! Trying to reconnect...
2023-07-12 21:54:03,601 WARN n.d.j.i.r.WebSocketClient [JDA Gateway-Worker 1] Missed 2 heartbeats! Trying to reconnect...
2023-07-12 21:54:03,601 WARN n.d.j.i.r.WebSocketClient [JDA Gateway-Worker 1] Missed 2 heartbeats! Trying to reconnect...
2023-07-12 21:54:03,601 WARN n.d.j.i.r.WebSocketClient [JDA Gateway-Worker 1] Missed 2 heartbeats! Trying to reconnect...
2023-07-12 21:54:03,601 WARN n.d.j.i.r.WebSocketClient [JDA Gateway-Worker 1] Missed 2 heartbeats! Trying to reconnect...
2023-07-12 21:54:03,601 WARN n.d.j.i.r.WebSocketClient [JDA Gateway-Worker 1] Missed 2 heartbeats! Trying to reconnect...
2023-07-12 21:54:03,601 WARN n.d.j.i.r.WebSocketClient [JDA Gateway-Worker 1] Missed 2 heartbeats! Trying to reconnect...
2023-07-12 21:54:03,601 WARN n.d.j.i.r.WebSocketClient [JDA Gateway-Worker 1] Missed 2 heartbeats! Trying to reconnect...
2023-07-12 21:54:03,601 WARN n.d.j.i.r.WebSocketClient [JDA Gateway-Worker 1] Missed 2 heartbeats! Trying to reconnect...
2023-07-12 21:54:03,601 WARN n.d.j.i.r.WebSocketClient [JDA Gateway-Worker 1] Missed 2 heartbeats! Trying to reconnect...
2023-07-12 21:54:03,601 WARN n.d.j.i.r.WebSocketClient [JDA Gateway-Worker 1] Missed 2 heartbeats! Trying to reconnect...
2023-07-12 21:54:03,601 WARN n.d.j.i.r.WebSocketClient [JDA Gateway-Worker 1] Missed 2 heartbeats! Trying to reconnect...
2023-07-12 21:54:03,601 WARN n.d.j.i.r.WebSocketClient [JDA Gateway-Worker 1] Missed 2 heartbeats! Trying to reconnect...
2023-07-12 21:54:03,601 WARN n.d.j.i.r.WebSocketClient [JDA Gateway-Worker 1] Missed 2 heartbeats! Trying to reconnect...
2023-07-12 21:54:03,601 WARN n.d.j.i.r.WebSocketClient [JDA Gateway-Worker 1] Missed 2 heartbeats! Trying to reconnect...
2023-07-12 21:54:03,601 WARN n.d.j.i.r.WebSocketClient [JDA Gateway-Worker 1] Missed 2 heartbeats! Trying to reconnect...
2023-07-12 21:54:03,601 WARN n.d.j.i.r.WebSocketClient [JDA Gateway-Worker 1] Missed 2 heartbeats! Trying to reconnect...
2023-07-12 21:54:03,601 WARN n.d.j.i.r.WebSocketClient [JDA Gateway-Worker 1] Missed 2 heartbeats! Trying to reconnect...
2023-07-12 21:54:03,601 WARN n.d.j.i.r.WebSocketClient [JDA Gateway-Worker 1] Missed 2 heartbeats! Trying to reconnect...
2023-07-12 21:54:03,601 WARN n.d.j.i.r.WebSocketClient [JDA Gateway-Worker 1] Missed 2 heartbeats! Trying to reconnect...
2023-07-12 21:54:03,601 WARN n.d.j.i.r.WebSocketClient [JDA Gateway-Worker 1] Missed 2 heartbeats! Trying to reconnect...
2023-07-12 21:54:03,601 WARN n.d.j.i.r.WebSocketClient [JDA Gateway-Worker 1] Missed 2 heartbeats! Trying to reconnect...
2023-07-12 21:54:03,601 WARN n.d.j.i.r.WebSocketClient [JDA Gateway-Worker 1] Missed 2 heartbeats! Trying to reconnect...
2023-07-12 21:54:03,601 WARN n.d.j.i.r.WebSocketClient [JDA Gateway-Worker 1] Missed 2 heartbeats! Trying to reconnect...
2023-07-12 21:54:03,601 WARN n.d.j.i.r.WebSocketClient [JDA Gateway-Worker 1] Missed 2 heartbeats! Trying to reconnect...
2023-07-12 21:54:03,601 WARN n.d.j.i.r.WebSocketClient [JDA Gateway-Worker 1] Missed 2 heartbeats! Trying to reconnect...
2023-07-12 21:54:03,601 WARN n.d.j.i.r.WebSocketClient [JDA Gateway-Worker 1] Missed 2 heartbeats! Trying to reconnect...
2023-07-12 21:54:03,601 WARN n.d.j.i.r.WebSocketClient [JDA Gateway-Worker 1] Missed 2 heartbeats! Trying to reconnect...
2023-07-12 21:54:03,601 WARN n.d.j.i.r.WebSocketClient [JDA Gateway-Worker 1] Missed 2 heartbeats! Trying to reconnect...
2023-07-12 21:54:03,601 WARN n.d.j.i.r.WebSocketClient [JDA Gateway-Worker 1] Missed 2 heartbeats! Trying to reconnect...
2023-07-12 21:54:03,601 WARN n.d.j.i.r.WebSocketClient [JDA Gateway-Worker 1] Missed 2 heartbeats! Trying to reconnect...
2023-07-12 21:54:03,601 WARN n.d.j.i.r.WebSocketClient [JDA Gateway-Worker 1] Missed 2 heartbeats! Trying to reconnect...
2023-07-12 21:54:03,602 WARN n.d.j.i.r.WebSocketClient [JDA Gateway-Worker 1] Missed 2 heartbeats! Trying to reconnect...
2023-07-12 21:54:07,313 WARN n.d.j.i.r.WebSocketClient [JDA MainWS-ReadThread] Got disconnected from WebSocket (Code 1000). Appending to reconnect queue
2023-07-12 21:54:09,630 INFO n.d.j.i.r.WebSocketClient [JDA MainWS-ReadThread] Connected to WebSocket
2023-07-12 21:54:09,850 INFO n.d.j.a.JDA [JDA MainWS-ReadThread] Finished (Re)Loading!
