2023-07-19 19:56:29,722 INFO b.m.Bot [ForkJoinPool.commonPool-worker-1] Begun bot initialization
2023-07-19 19:56:29,725 INFO b.m.Bot [ForkJoinPool.commonPool-worker-1] Uptime thread created
2023-07-19 19:56:29,728 INFO b.m.Bot [ForkJoinPool.commonPool-worker-1] Console created
2023-07-19 19:56:29,728 INFO b.m.Bot [ForkJoinPool.commonPool-worker-1] Starting JDA creation
2023-07-19 19:56:29,728 INFO b.m.Console [Thread-4] The console is active
2023-07-19 19:56:29,733 INFO b.m.Bot [ForkJoinPool.commonPool-worker-1] Successfully read bot key.
Starting jda building.
2023-07-19 19:57:12,227 INFO b.m.Responder [ForkJoinPool.commonPool-worker-1] Created Responder
2023-07-19 19:57:12,947 INFO n.d.j.a.JDA [ForkJoinPool.commonPool-worker-1] Login Successful!
2023-07-19 19:57:13,183 INFO n.d.j.i.r.WebSocketClient [JDA MainWS-WriteThread] Connected to WebSocket
2023-07-19 19:57:13,423 INFO n.d.j.a.JDA [JDA MainWS-ReadThread] Finished Loading!
2023-07-19 19:57:13,482 INFO b.m.Bot [ForkJoinPool.commonPool-worker-1] Completed JDA creation
2023-07-19 19:57:13,484 INFO b.m.Bot [ForkJoinPool.commonPool-worker-1] The default interaction responses have been created
2023-07-19 21:17:26,501 WARN n.d.j.i.r.WebSocketClient [JDA Gateway-Worker 1] Missed 2 heartbeats! Trying to reconnect...
2023-07-19 21:17:26,504 WARN n.d.j.i.r.WebSocketClient [JDA Gateway-Worker 1] Missed 2 heartbeats! Trying to reconnect...
2023-07-19 21:17:26,504 WARN n.d.j.i.r.WebSocketClient [JDA Gateway-Worker 1] Missed 2 heartbeats! Trying to reconnect...
2023-07-19 21:17:26,504 WARN n.d.j.i.r.WebSocketClient [JDA Gateway-Worker 1] Missed 2 heartbeats! Trying to reconnect...
2023-07-19 21:17:26,504 WARN n.d.j.i.r.WebSocketClient [JDA Gateway-Worker 1] Missed 2 heartbeats! Trying to reconnect...
2023-07-19 21:17:26,505 WARN n.d.j.i.r.WebSocketClient [JDA Gateway-Worker 1] Missed 2 heartbeats! Trying to reconnect...
2023-07-19 21:17:26,506 WARN n.d.j.i.r.WebSocketClient [JDA Gateway-Worker 1] Missed 2 heartbeats! Trying to reconnect...
2023-07-19 21:17:26,506 WARN n.d.j.i.r.WebSocketClient [JDA Gateway-Worker 1] Missed 2 heartbeats! Trying to reconnect...
2023-07-19 21:17:26,506 WARN n.d.j.i.r.WebSocketClient [JDA Gateway-Worker 1] Missed 2 heartbeats! Trying to reconnect...
2023-07-19 21:17:26,507 WARN n.d.j.i.r.WebSocketClient [JDA Gateway-Worker 1] Missed 2 heartbeats! Trying to reconnect...
2023-07-19 21:17:26,507 WARN n.d.j.i.r.WebSocketClient [JDA Gateway-Worker 1] Missed 2 heartbeats! Trying to reconnect...
2023-07-19 21:17:26,507 WARN n.d.j.i.r.WebSocketClient [JDA Gateway-Worker 1] Missed 2 heartbeats! Trying to reconnect...
2023-07-19 21:17:26,508 WARN n.d.j.i.r.WebSocketClient [JDA Gateway-Worker 1] Missed 2 heartbeats! Trying to reconnect...
2023-07-19 21:17:26,508 WARN n.d.j.i.r.WebSocketClient [JDA Gateway-Worker 1] Missed 2 heartbeats! Trying to reconnect...
2023-07-19 21:17:26,508 WARN n.d.j.i.r.WebSocketClient [JDA Gateway-Worker 1] Missed 2 heartbeats! Trying to reconnect...
2023-07-19 21:17:26,508 WARN n.d.j.i.r.WebSocketClient [JDA Gateway-Worker 1] Missed 2 heartbeats! Trying to reconnect...
2023-07-19 21:17:26,508 WARN n.d.j.i.r.WebSocketClient [JDA Gateway-Worker 1] Missed 2 heartbeats! Trying to reconnect...
2023-07-19 21:17:26,508 WARN n.d.j.i.r.WebSocketClient [JDA Gateway-Worker 1] Missed 2 heartbeats! Trying to reconnect...
2023-07-19 21:17:26,509 WARN n.d.j.i.r.WebSocketClient [JDA Gateway-Worker 1] Missed 2 heartbeats! Trying to reconnect...
2023-07-19 21:17:26,509 WARN n.d.j.i.r.WebSocketClient [JDA Gateway-Worker 1] Missed 2 heartbeats! Trying to reconnect...
2023-07-19 21:17:26,509 WARN n.d.j.i.r.WebSocketClient [JDA Gateway-Worker 1] Missed 2 heartbeats! Trying to reconnect...
2023-07-19 21:17:26,509 WARN n.d.j.i.r.WebSocketClient [JDA Gateway-Worker 1] Missed 2 heartbeats! Trying to reconnect...
2023-07-19 21:17:26,509 WARN n.d.j.i.r.WebSocketClient [JDA Gateway-Worker 1] Missed 2 heartbeats! Trying to reconnect...
2023-07-19 21:17:26,509 WARN n.d.j.i.r.WebSocketClient [JDA Gateway-Worker 1] Missed 2 heartbeats! Trying to reconnect...
2023-07-19 21:17:26,510 WARN n.d.j.i.r.WebSocketClient [JDA Gateway-Worker 1] Missed 2 heartbeats! Trying to reconnect...
2023-07-19 21:17:26,510 WARN n.d.j.i.r.WebSocketClient [JDA Gateway-Worker 1] Missed 2 heartbeats! Trying to reconnect...
2023-07-19 21:17:26,510 WARN n.d.j.i.r.WebSocketClient [JDA Gateway-Worker 1] Missed 2 heartbeats! Trying to reconnect...
2023-07-19 21:17:26,510 WARN n.d.j.i.r.WebSocketClient [JDA Gateway-Worker 1] Missed 2 heartbeats! Trying to reconnect...
2023-07-19 21:17:26,510 WARN n.d.j.i.r.WebSocketClient [JDA Gateway-Worker 1] Missed 2 heartbeats! Trying to reconnect...
2023-07-19 21:17:26,510 WARN n.d.j.i.r.WebSocketClient [JDA Gateway-Worker 1] Missed 2 heartbeats! Trying to reconnect...
2023-07-19 21:17:26,510 WARN n.d.j.i.r.WebSocketClient [JDA Gateway-Worker 1] Missed 2 heartbeats! Trying to reconnect...
2023-07-19 21:17:31,728 WARN n.d.j.i.r.WebSocketClient [JDA MainWS-ReadThread] Got disconnected from WebSocket (Code 1000). Appending to reconnect queue
2023-07-19 21:17:31,635 WARN n.d.j.i.r.WebSocketClient [JDA Gateway-Worker 1] Missed 2 heartbeats! Trying to reconnect...
2023-07-19 21:17:34,886 INFO n.d.j.i.r.WebSocketClient [JDA MainWS-ReadThread] Connected to WebSocket
2023-07-19 21:17:35,093 INFO n.d.j.a.JDA [JDA MainWS-ReadThread] Finished (Re)Loading!
