2023-08-02 20:23:42,059 INFO b.m.Bot [ForkJoinPool.commonPool-worker-1] Begun bot initialization
2023-08-02 20:23:42,061 INFO b.m.Bot [ForkJoinPool.commonPool-worker-1] Uptime thread created
2023-08-02 20:23:42,079 INFO b.m.Bot [ForkJoinPool.commonPool-worker-1] Console created
2023-08-02 20:23:42,079 INFO b.m.Console [Thread-4] The console is active
2023-08-02 20:23:42,079 INFO b.m.Bot [ForkJoinPool.commonPool-worker-1] Starting JDA creation
2023-08-02 20:23:42,085 INFO b.m.Bot [ForkJoinPool.commonPool-worker-1] Successfully read bot key.
Starting jda building.
2023-08-02 20:24:31,504 INFO b.m.Responder [ForkJoinPool.commonPool-worker-1] Created Responder
2023-08-02 20:24:32,242 INFO n.d.j.a.JDA [ForkJoinPool.commonPool-worker-1] Login Successful!
2023-08-02 20:24:32,473 INFO n.d.j.i.r.WebSocketClient [JDA MainWS-ReadThread] Connected to WebSocket
2023-08-02 20:24:32,750 INFO n.d.j.a.JDA [JDA MainWS-ReadThread] Finished Loading!
2023-08-02 20:24:32,771 INFO b.m.Bot [ForkJoinPool.commonPool-worker-1] Completed JDA creation
2023-08-02 20:24:32,822 INFO b.m.Bot [ForkJoinPool.commonPool-worker-1] The default interaction responses have been created
2023-08-02 20:27:11,205 ERROR n.d.j.a.JDA [JDA MainWS-ReadThread] One of the EventListeners had an uncaught exception
java.lang.NullPointerException: null
	at bottools.main.Bot$Companion.handleCommand(Bot.kt:225)
	at bottools.main.Bot$Companion.access$handleCommand(Bot.kt:181)
	at bottools.main.Bot$addInteractionResponses$2.perform(Bot.kt:125)
	at bottools.main.Bot$addInteractionResponses$2.perform(Bot.kt:125)
	at main.com.spartanlabs.bottools.Responder.lambda$actOn$1(Responder.java:38)
	at java.base/java.util.ArrayList.forEach(ArrayList.java:1511)
	at main.com.spartanlabs.bottools.Responder.actOn(Responder.java:38)
	at bottools.main.ResponderInfixExtensionsKt.reactTo(ResponderInfixExtensions.kt:5)
	at bottools.main.BotListener.onSlashCommandInteraction(BotListener.kt:40)
	at net.dv8tion.jda.api.hooks.ListenerAdapter.onEvent(ListenerAdapter.java:424)
	at net.dv8tion.jda.api.hooks.InterfacedEventManager.handle(InterfacedEventManager.java:96)
	at net.dv8tion.jda.internal.hooks.EventManagerProxy.handleInternally(EventManagerProxy.java:88)
	at net.dv8tion.jda.internal.hooks.EventManagerProxy.handle(EventManagerProxy.java:70)
	at net.dv8tion.jda.internal.JDAImpl.handleEvent(JDAImpl.java:171)
	at net.dv8tion.jda.internal.handle.InteractionCreateHandler.handleCommand(InteractionCreateHandler.java:112)
	at net.dv8tion.jda.internal.handle.InteractionCreateHandler.handleInternally(InteractionCreateHandler.java:83)
	at net.dv8tion.jda.internal.handle.SocketHandler.handle(SocketHandler.java:39)
	at net.dv8tion.jda.internal.requests.WebSocketClient.onDispatch(WebSocketClient.java:984)
	at net.dv8tion.jda.internal.requests.WebSocketClient.onEvent(WebSocketClient.java:870)
	at net.dv8tion.jda.internal.requests.WebSocketClient.handleEvent(WebSocketClient.java:848)
	at net.dv8tion.jda.internal.requests.WebSocketClient.onBinaryMessage(WebSocketClient.java:1023)
	at com.neovisionaries.ws.client.ListenerManager.callOnBinaryMessage(ListenerManager.java:385)
	at com.neovisionaries.ws.client.ReadingThread.callOnBinaryMessage(ReadingThread.java:276)
	at com.neovisionaries.ws.client.ReadingThread.handleBinaryFrame(ReadingThread.java:996)
	at com.neovisionaries.ws.client.ReadingThread.handleFrame(ReadingThread.java:755)
	at com.neovisionaries.ws.client.ReadingThread.main(ReadingThread.java:108)
	at com.neovisionaries.ws.client.ReadingThread.runMain(ReadingThread.java:64)
	at com.neovisionaries.ws.client.WebSocketThread.run(WebSocketThread.java:45)
2023-08-02 22:40:07,765 WARN n.d.j.i.r.WebSocketClient [JDA Gateway-Worker 1] Missed 2 heartbeats! Trying to reconnect...
2023-08-02 22:40:07,768 WARN n.d.j.i.r.WebSocketClient [JDA Gateway-Worker 1] Missed 2 heartbeats! Trying to reconnect...
2023-08-02 22:40:07,768 WARN n.d.j.i.r.WebSocketClient [JDA Gateway-Worker 1] Missed 2 heartbeats! Trying to reconnect...
2023-08-02 22:40:07,768 WARN n.d.j.i.r.WebSocketClient [JDA Gateway-Worker 1] Missed 2 heartbeats! Trying to reconnect...
2023-08-02 22:40:07,768 WARN n.d.j.i.r.WebSocketClient [JDA Gateway-Worker 1] Missed 2 heartbeats! Trying to reconnect...
2023-08-02 22:40:07,768 WARN n.d.j.i.r.WebSocketClient [JDA Gateway-Worker 1] Missed 2 heartbeats! Trying to reconnect...
2023-08-02 22:40:07,769 WARN n.d.j.i.r.WebSocketClient [JDA Gateway-Worker 1] Missed 2 heartbeats! Trying to reconnect...
2023-08-02 22:40:07,769 WARN n.d.j.i.r.WebSocketClient [JDA Gateway-Worker 1] Missed 2 heartbeats! Trying to reconnect...
2023-08-02 22:40:07,769 WARN n.d.j.i.r.WebSocketClient [JDA Gateway-Worker 1] Missed 2 heartbeats! Trying to reconnect...
2023-08-02 22:40:07,769 WARN n.d.j.i.r.WebSocketClient [JDA Gateway-Worker 1] Missed 2 heartbeats! Trying to reconnect...
2023-08-02 22:40:07,769 WARN n.d.j.i.r.WebSocketClient [JDA Gateway-Worker 1] Missed 2 heartbeats! Trying to reconnect...
2023-08-02 22:40:07,769 WARN n.d.j.i.r.WebSocketClient [JDA Gateway-Worker 1] Missed 2 heartbeats! Trying to reconnect...
2023-08-02 22:40:07,769 WARN n.d.j.i.r.WebSocketClient [JDA Gateway-Worker 1] Missed 2 heartbeats! Trying to reconnect...
2023-08-02 22:40:07,769 WARN n.d.j.i.r.WebSocketClient [JDA Gateway-Worker 1] Missed 2 heartbeats! Trying to reconnect...
2023-08-02 22:40:07,769 WARN n.d.j.i.r.WebSocketClient [JDA Gateway-Worker 1] Missed 2 heartbeats! Trying to reconnect...
2023-08-02 22:40:07,769 WARN n.d.j.i.r.WebSocketClient [JDA Gateway-Worker 1] Missed 2 heartbeats! Trying to reconnect...
2023-08-02 22:40:07,769 WARN n.d.j.i.r.WebSocketClient [JDA Gateway-Worker 1] Missed 2 heartbeats! Trying to reconnect...
2023-08-02 22:40:07,770 WARN n.d.j.i.r.WebSocketClient [JDA Gateway-Worker 1] Missed 2 heartbeats! Trying to reconnect...
2023-08-02 22:40:07,770 WARN n.d.j.i.r.WebSocketClient [JDA Gateway-Worker 1] Missed 2 heartbeats! Trying to reconnect...
2023-08-02 22:40:07,770 WARN n.d.j.i.r.WebSocketClient [JDA Gateway-Worker 1] Missed 2 heartbeats! Trying to reconnect...
2023-08-02 22:40:07,770 WARN n.d.j.i.r.WebSocketClient [JDA Gateway-Worker 1] Missed 2 heartbeats! Trying to reconnect...
2023-08-02 22:40:07,770 WARN n.d.j.i.r.WebSocketClient [JDA Gateway-Worker 1] Missed 2 heartbeats! Trying to reconnect...
2023-08-02 22:40:07,770 WARN n.d.j.i.r.WebSocketClient [JDA Gateway-Worker 1] Missed 2 heartbeats! Trying to reconnect...
2023-08-02 22:40:07,770 WARN n.d.j.i.r.WebSocketClient [JDA Gateway-Worker 1] Missed 2 heartbeats! Trying to reconnect...
2023-08-02 22:40:07,770 WARN n.d.j.i.r.WebSocketClient [JDA Gateway-Worker 1] Missed 2 heartbeats! Trying to reconnect...
2023-08-02 22:40:07,770 WARN n.d.j.i.r.WebSocketClient [JDA Gateway-Worker 1] Missed 2 heartbeats! Trying to reconnect...
2023-08-02 22:40:07,770 WARN n.d.j.i.r.WebSocketClient [JDA Gateway-Worker 1] Missed 2 heartbeats! Trying to reconnect...
2023-08-02 22:40:07,770 WARN n.d.j.i.r.WebSocketClient [JDA Gateway-Worker 1] Missed 2 heartbeats! Trying to reconnect...
2023-08-02 22:40:07,770 WARN n.d.j.i.r.WebSocketClient [JDA Gateway-Worker 1] Missed 2 heartbeats! Trying to reconnect...
2023-08-02 22:40:07,771 WARN n.d.j.i.r.WebSocketClient [JDA Gateway-Worker 1] Missed 2 heartbeats! Trying to reconnect...
2023-08-02 22:40:07,771 WARN n.d.j.i.r.WebSocketClient [JDA Gateway-Worker 1] Missed 2 heartbeats! Trying to reconnect...
2023-08-02 22:40:07,771 WARN n.d.j.i.r.WebSocketClient [JDA Gateway-Worker 1] Missed 2 heartbeats! Trying to reconnect...
2023-08-02 22:40:07,771 WARN n.d.j.i.r.WebSocketClient [JDA Gateway-Worker 1] Missed 2 heartbeats! Trying to reconnect...
2023-08-02 22:40:07,771 WARN n.d.j.i.r.WebSocketClient [JDA Gateway-Worker 1] Missed 2 heartbeats! Trying to reconnect...
2023-08-02 22:40:07,771 WARN n.d.j.i.r.WebSocketClient [JDA Gateway-Worker 1] Missed 2 heartbeats! Trying to reconnect...
2023-08-02 22:40:07,771 WARN n.d.j.i.r.WebSocketClient [JDA Gateway-Worker 1] Missed 2 heartbeats! Trying to reconnect...
2023-08-02 22:40:07,771 WARN n.d.j.i.r.WebSocketClient [JDA Gateway-Worker 1] Missed 2 heartbeats! Trying to reconnect...
2023-08-02 22:40:07,771 WARN n.d.j.i.r.WebSocketClient [JDA Gateway-Worker 1] Missed 2 heartbeats! Trying to reconnect...
2023-08-02 22:40:07,771 WARN n.d.j.i.r.WebSocketClient [JDA Gateway-Worker 1] Missed 2 heartbeats! Trying to reconnect...
2023-08-02 22:40:07,771 WARN n.d.j.i.r.WebSocketClient [JDA Gateway-Worker 1] Missed 2 heartbeats! Trying to reconnect...
2023-08-02 22:40:07,771 WARN n.d.j.i.r.WebSocketClient [JDA Gateway-Worker 1] Missed 2 heartbeats! Trying to reconnect...
2023-08-02 22:40:07,771 WARN n.d.j.i.r.WebSocketClient [JDA Gateway-Worker 1] Missed 2 heartbeats! Trying to reconnect...
2023-08-02 22:40:07,771 WARN n.d.j.i.r.WebSocketClient [JDA Gateway-Worker 1] Missed 2 heartbeats! Trying to reconnect...
2023-08-02 22:40:07,771 WARN n.d.j.i.r.WebSocketClient [JDA Gateway-Worker 1] Missed 2 heartbeats! Trying to reconnect...
2023-08-02 22:40:07,771 WARN n.d.j.i.r.WebSocketClient [JDA Gateway-Worker 1] Missed 2 heartbeats! Trying to reconnect...
2023-08-02 22:40:07,771 WARN n.d.j.i.r.WebSocketClient [JDA Gateway-Worker 1] Missed 2 heartbeats! Trying to reconnect...
2023-08-02 22:40:07,772 WARN n.d.j.i.r.WebSocketClient [JDA Gateway-Worker 1] Missed 2 heartbeats! Trying to reconnect...
2023-08-02 22:40:07,772 WARN n.d.j.i.r.WebSocketClient [JDA Gateway-Worker 1] Missed 2 heartbeats! Trying to reconnect...
2023-08-02 22:40:07,772 WARN n.d.j.i.r.WebSocketClient [JDA Gateway-Worker 1] Missed 2 heartbeats! Trying to reconnect...
2023-08-02 22:40:07,772 WARN n.d.j.i.r.WebSocketClient [JDA Gateway-Worker 1] Missed 2 heartbeats! Trying to reconnect...
2023-08-02 22:40:07,772 WARN n.d.j.i.r.WebSocketClient [JDA Gateway-Worker 1] Missed 2 heartbeats! Trying to reconnect...
2023-08-02 22:40:07,772 WARN n.d.j.i.r.WebSocketClient [JDA Gateway-Worker 1] Missed 2 heartbeats! Trying to reconnect...
2023-08-02 22:40:07,772 WARN n.d.j.i.r.WebSocketClient [JDA Gateway-Worker 1] Missed 2 heartbeats! Trying to reconnect...
2023-08-02 22:40:07,773 WARN n.d.j.i.r.WebSocketClient [JDA Gateway-Worker 1] Missed 2 heartbeats! Trying to reconnect...
2023-08-02 22:40:07,773 WARN n.d.j.i.r.WebSocketClient [JDA Gateway-Worker 1] Missed 2 heartbeats! Trying to reconnect...
2023-08-02 22:40:07,773 WARN n.d.j.i.r.WebSocketClient [JDA Gateway-Worker 1] Missed 2 heartbeats! Trying to reconnect...
2023-08-02 22:40:07,773 WARN n.d.j.i.r.WebSocketClient [JDA Gateway-Worker 1] Missed 2 heartbeats! Trying to reconnect...
2023-08-02 22:40:12,891 WARN n.d.j.i.r.WebSocketClient [JDA MainWS-ReadThread] Got disconnected from WebSocket (Code 1000). Appending to reconnect queue
2023-08-02 22:40:15,587 INFO n.d.j.i.r.WebSocketClient [JDA MainWS-ReadThread] Connected to WebSocket
2023-08-02 22:40:15,819 INFO n.d.j.a.JDA [JDA MainWS-ReadThread] Finished (Re)Loading!
